mode: set
github.com/vibing/zgrnet/noise/cipher.go:21.42,23.25 2 1
github.com/vibing/zgrnet/noise/cipher.go:23.25,25.3 1 1
github.com/vibing/zgrnet/noise/cipher.go:26.2,28.12 3 1
github.com/vibing/zgrnet/noise/cipher.go:32.50,34.25 2 1
github.com/vibing/zgrnet/noise/cipher.go:34.25,36.3 1 1
github.com/vibing/zgrnet/noise/cipher.go:37.2,37.16 1 1
github.com/vibing/zgrnet/noise/cipher.go:42.47,44.25 2 1
github.com/vibing/zgrnet/noise/cipher.go:44.25,46.3 1 1
github.com/vibing/zgrnet/noise/cipher.go:47.2,49.12 3 1
github.com/vibing/zgrnet/noise/cipher.go:53.63,54.35 1 1
github.com/vibing/zgrnet/noise/cipher.go:54.35,57.3 2 1
github.com/vibing/zgrnet/noise/cipher.go:58.2,58.25 1 1
github.com/vibing/zgrnet/noise/cipher.go:58.25,60.3 1 1
github.com/vibing/zgrnet/noise/cipher.go:61.2,63.12 3 1
github.com/vibing/zgrnet/noise/cipher.go:67.55,68.35 1 1
github.com/vibing/zgrnet/noise/cipher.go:68.35,71.3 2 1
github.com/vibing/zgrnet/noise/cipher.go:72.2,72.25 1 1
github.com/vibing/zgrnet/noise/cipher.go:72.25,74.3 1 1
github.com/vibing/zgrnet/noise/cipher.go:75.2,75.18 1 1
github.com/vibing/zgrnet/noise/cipher.go:85.65,86.38 1 1
github.com/vibing/zgrnet/noise/cipher.go:86.38,87.53 1 1
github.com/vibing/zgrnet/noise/cipher.go:91.2,98.21 4 1
github.com/vibing/zgrnet/noise/cipher.go:98.21,101.3 1 1
github.com/vibing/zgrnet/noise/cipher.go:103.2,103.21 1 1
github.com/vibing/zgrnet/noise/cipher.go:103.21,106.3 1 1
github.com/vibing/zgrnet/noise/cipher.go:108.2,108.16 1 1
github.com/vibing/zgrnet/noise/cipher.go:113.47,115.2 1 1
github.com/vibing/zgrnet/noise/cipher.go:119.54,122.2 2 1
github.com/vibing/zgrnet/noise/cipher.go:126.59,129.2 2 1
github.com/vibing/zgrnet/noise/cipher.go:132.47,133.42 1 1
github.com/vibing/zgrnet/noise/cipher.go:133.42,135.3 1 1
github.com/vibing/zgrnet/noise/cipher.go:136.2,136.34 1 1
github.com/vibing/zgrnet/noise/cipher.go:141.90,143.16 2 1
github.com/vibing/zgrnet/noise/cipher.go:143.16,145.3 1 1
github.com/vibing/zgrnet/noise/cipher.go:147.2,150.70 3 1
github.com/vibing/zgrnet/noise/cipher.go:154.91,156.16 2 1
github.com/vibing/zgrnet/noise/cipher.go:156.16,158.3 1 1
github.com/vibing/zgrnet/noise/cipher.go:160.2,163.66 3 1
github.com/vibing/zgrnet/noise/cipher.go:168.59,172.2 3 1
github.com/vibing/zgrnet/noise/cipher.go:175.69,179.2 3 1
github.com/vibing/zgrnet/noise/handshake.go:100.64,102.48 1 1
github.com/vibing/zgrnet/noise/handshake.go:102.48,104.3 1 1
github.com/vibing/zgrnet/noise/handshake.go:107.2,118.22 4 1
github.com/vibing/zgrnet/noise/handshake.go:118.22,120.56 1 1
github.com/vibing/zgrnet/noise/handshake.go:120.56,121.23 1 1
github.com/vibing/zgrnet/noise/handshake.go:121.23,122.35 1 1
github.com/vibing/zgrnet/noise/handshake.go:122.35,124.6 1 0
github.com/vibing/zgrnet/noise/handshake.go:125.5,126.43 2 1
github.com/vibing/zgrnet/noise/handshake.go:130.3,130.56 1 1
github.com/vibing/zgrnet/noise/handshake.go:130.56,131.23 1 0
github.com/vibing/zgrnet/noise/handshake.go:131.23,133.5 1 0
github.com/vibing/zgrnet/noise/handshake.go:135.8,137.56 1 1
github.com/vibing/zgrnet/noise/handshake.go:137.56,138.23 1 0
github.com/vibing/zgrnet/noise/handshake.go:138.23,139.35 1 0
github.com/vibing/zgrnet/noise/handshake.go:139.35,141.6 1 0
github.com/vibing/zgrnet/noise/handshake.go:142.5,143.43 2 0
github.com/vibing/zgrnet/noise/handshake.go:147.3,147.56 1 1
github.com/vibing/zgrnet/noise/handshake.go:147.56,148.23 1 1
github.com/vibing/zgrnet/noise/handshake.go:148.23,150.5 1 1
github.com/vibing/zgrnet/noise/handshake.go:154.2,154.16 1 1
github.com/vibing/zgrnet/noise/handshake.go:157.43,162.46 3 1
github.com/vibing/zgrnet/noise/handshake.go:162.46,163.29 1 1
github.com/vibing/zgrnet/noise/handshake.go:163.29,164.83 1 1
github.com/vibing/zgrnet/noise/handshake.go:164.83,166.10 2 1
github.com/vibing/zgrnet/noise/handshake.go:170.2,170.51 1 1
github.com/vibing/zgrnet/noise/handshake.go:170.51,172.3 1 1
github.com/vibing/zgrnet/noise/handshake.go:175.2,175.76 1 1
github.com/vibing/zgrnet/noise/handshake.go:175.76,177.3 1 1
github.com/vibing/zgrnet/noise/handshake.go:179.2,179.12 1 1
github.com/vibing/zgrnet/noise/handshake.go:184.72,185.17 1 1
github.com/vibing/zgrnet/noise/handshake.go:185.17,187.3 1 1
github.com/vibing/zgrnet/noise/handshake.go:190.2,192.13 2 1
github.com/vibing/zgrnet/noise/handshake.go:192.13,194.3 1 1
github.com/vibing/zgrnet/noise/handshake.go:196.2,196.59 1 1
github.com/vibing/zgrnet/noise/handshake.go:196.59,198.3 1 0
github.com/vibing/zgrnet/noise/handshake.go:200.2,203.31 3 1
github.com/vibing/zgrnet/noise/handshake.go:203.31,204.16 1 1
github.com/vibing/zgrnet/noise/handshake.go:205.15,209.18 3 1
github.com/vibing/zgrnet/noise/handshake.go:209.18,211.5 1 0
github.com/vibing/zgrnet/noise/handshake.go:212.4,215.37 3 1
github.com/vibing/zgrnet/noise/handshake.go:215.37,217.5 1 0
github.com/vibing/zgrnet/noise/handshake.go:219.15,223.35 3 1
github.com/vibing/zgrnet/noise/handshake.go:225.16,227.18 2 1
github.com/vibing/zgrnet/noise/handshake.go:227.18,229.5 1 0
github.com/vibing/zgrnet/noise/handshake.go:230.4,230.27 1 1
github.com/vibing/zgrnet/noise/handshake.go:232.16,235.27 3 1
github.com/vibing/zgrnet/noise/handshake.go:235.27,238.5 1 1
github.com/vibing/zgrnet/noise/handshake.go:238.10,241.5 1 1
github.com/vibing/zgrnet/noise/handshake.go:242.4,242.18 1 1
github.com/vibing/zgrnet/noise/handshake.go:242.18,244.5 1 0
github.com/vibing/zgrnet/noise/handshake.go:245.4,245.27 1 1
github.com/vibing/zgrnet/noise/handshake.go:247.16,250.27 3 1
github.com/vibing/zgrnet/noise/handshake.go:250.27,253.5 1 1
github.com/vibing/zgrnet/noise/handshake.go:253.10,256.5 1 1
github.com/vibing/zgrnet/noise/handshake.go:257.4,257.18 1 1
github.com/vibing/zgrnet/noise/handshake.go:257.18,259.5 1 0
github.com/vibing/zgrnet/noise/handshake.go:260.4,260.27 1 1
github.com/vibing/zgrnet/noise/handshake.go:262.16,264.18 2 1
github.com/vibing/zgrnet/noise/handshake.go:264.18,266.5 1 0
github.com/vibing/zgrnet/noise/handshake.go:267.4,267.27 1 1
github.com/vibing/zgrnet/noise/handshake.go:272.2,272.81 1 1
github.com/vibing/zgrnet/noise/handshake.go:272.81,277.3 3 1
github.com/vibing/zgrnet/noise/handshake.go:279.2,280.59 2 1
github.com/vibing/zgrnet/noise/handshake.go:280.59,282.3 1 1
github.com/vibing/zgrnet/noise/handshake.go:284.2,284.17 1 1
github.com/vibing/zgrnet/noise/handshake.go:289.67,290.17 1 1
github.com/vibing/zgrnet/noise/handshake.go:290.17,292.3 1 0
github.com/vibing/zgrnet/noise/handshake.go:295.2,297.12 2 1
github.com/vibing/zgrnet/noise/handshake.go:297.12,299.3 1 1
github.com/vibing/zgrnet/noise/handshake.go:301.2,301.59 1 1
github.com/vibing/zgrnet/noise/handshake.go:301.59,303.3 1 0
github.com/vibing/zgrnet/noise/handshake.go:305.2,308.31 3 1
github.com/vibing/zgrnet/noise/handshake.go:308.31,309.16 1 1
github.com/vibing/zgrnet/noise/handshake.go:310.15,312.33 1 1
github.com/vibing/zgrnet/noise/handshake.go:312.33,314.5 1 1
github.com/vibing/zgrnet/noise/handshake.go:315.4,318.37 4 1
github.com/vibing/zgrnet/noise/handshake.go:318.37,320.5 1 0
github.com/vibing/zgrnet/noise/handshake.go:322.15,326.38 3 1
github.com/vibing/zgrnet/noise/handshake.go:326.38,328.5 1 0
github.com/vibing/zgrnet/noise/handshake.go:329.4,330.18 2 1
github.com/vibing/zgrnet/noise/handshake.go:330.18,332.5 1 1
github.com/vibing/zgrnet/noise/handshake.go:333.4,334.26 2 1
github.com/vibing/zgrnet/noise/handshake.go:336.16,338.18 2 1
github.com/vibing/zgrnet/noise/handshake.go:338.18,340.5 1 0
github.com/vibing/zgrnet/noise/handshake.go:341.4,341.27 1 1
github.com/vibing/zgrnet/noise/handshake.go:343.16,346.27 3 1
github.com/vibing/zgrnet/noise/handshake.go:346.27,348.5 1 1
github.com/vibing/zgrnet/noise/handshake.go:348.10,350.5 1 1
github.com/vibing/zgrnet/noise/handshake.go:351.4,351.18 1 1
github.com/vibing/zgrnet/noise/handshake.go:351.18,353.5 1 0
github.com/vibing/zgrnet/noise/handshake.go:354.4,354.27 1 1
github.com/vibing/zgrnet/noise/handshake.go:356.16,359.27 3 1
github.com/vibing/zgrnet/noise/handshake.go:359.27,361.5 1 1
github.com/vibing/zgrnet/noise/handshake.go:361.10,363.5 1 1
github.com/vibing/zgrnet/noise/handshake.go:364.4,364.18 1 1
github.com/vibing/zgrnet/noise/handshake.go:364.18,366.5 1 0
github.com/vibing/zgrnet/noise/handshake.go:367.4,367.27 1 1
github.com/vibing/zgrnet/noise/handshake.go:369.16,371.18 2 1
github.com/vibing/zgrnet/noise/handshake.go:371.18,373.5 1 0
github.com/vibing/zgrnet/noise/handshake.go:374.4,374.27 1 1
github.com/vibing/zgrnet/noise/handshake.go:379.2,380.23 2 1
github.com/vibing/zgrnet/noise/handshake.go:380.23,384.17 4 1
github.com/vibing/zgrnet/noise/handshake.go:384.17,386.4 1 1
github.com/vibing/zgrnet/noise/handshake.go:389.2,390.59 2 1
github.com/vibing/zgrnet/noise/handshake.go:390.59,392.3 1 1
github.com/vibing/zgrnet/noise/handshake.go:394.2,394.21 1 1
github.com/vibing/zgrnet/noise/handshake.go:398.45,400.2 1 1
github.com/vibing/zgrnet/noise/handshake.go:404.71,405.18 1 1
github.com/vibing/zgrnet/noise/handshake.go:405.18,407.3 1 1
github.com/vibing/zgrnet/noise/handshake.go:409.2,410.16 2 1
github.com/vibing/zgrnet/noise/handshake.go:410.16,412.3 1 0
github.com/vibing/zgrnet/noise/handshake.go:414.2,414.25 1 1
github.com/vibing/zgrnet/noise/handshake.go:414.25,416.3 1 1
github.com/vibing/zgrnet/noise/handshake.go:417.2,417.22 1 1
github.com/vibing/zgrnet/noise/handshake.go:422.46,424.2 1 1
github.com/vibing/zgrnet/noise/handshake.go:428.48,429.30 1 1
github.com/vibing/zgrnet/noise/handshake.go:429.30,431.3 1 1
github.com/vibing/zgrnet/noise/handshake.go:432.2,432.33 1 1
github.com/vibing/zgrnet/noise/handshake.go:437.49,439.2 1 1
github.com/vibing/zgrnet/noise/keypair.go:26.28,29.2 2 1
github.com/vibing/zgrnet/noise/keypair.go:32.30,34.2 1 1
github.com/vibing/zgrnet/noise/keypair.go:37.35,39.2 1 1
github.com/vibing/zgrnet/noise/keypair.go:43.36,45.31 2 1
github.com/vibing/zgrnet/noise/keypair.go:45.31,47.3 1 1
github.com/vibing/zgrnet/noise/keypair.go:48.2,48.20 1 1
github.com/vibing/zgrnet/noise/keypair.go:52.40,55.16 3 1
github.com/vibing/zgrnet/noise/keypair.go:55.16,57.3 1 1
github.com/vibing/zgrnet/noise/keypair.go:58.2,58.23 1 1
github.com/vibing/zgrnet/noise/keypair.go:58.23,60.3 1 1
github.com/vibing/zgrnet/noise/keypair.go:61.2,62.15 2 1
github.com/vibing/zgrnet/noise/keypair.go:72.42,74.2 1 1
github.com/vibing/zgrnet/noise/keypair.go:78.62,80.56 2 1
github.com/vibing/zgrnet/noise/keypair.go:80.56,82.3 1 1
github.com/vibing/zgrnet/noise/keypair.go:83.2,83.25 1 1
github.com/vibing/zgrnet/noise/keypair.go:88.51,97.16 6 1
github.com/vibing/zgrnet/noise/keypair.go:97.16,99.3 1 0
github.com/vibing/zgrnet/noise/keypair.go:101.2,103.16 3 1
github.com/vibing/zgrnet/noise/keypair.go:110.52,112.16 2 1
github.com/vibing/zgrnet/noise/keypair.go:112.16,114.3 1 0
github.com/vibing/zgrnet/noise/keypair.go:117.2,119.21 3 1
github.com/vibing/zgrnet/noise/keypair.go:119.21,121.3 1 0
github.com/vibing/zgrnet/noise/keypair.go:122.2,122.20 1 1
github.com/vibing/zgrnet/noise/state.go:21.52,23.16 2 1
github.com/vibing/zgrnet/noise/state.go:23.16,25.3 1 0
github.com/vibing/zgrnet/noise/state.go:26.2,29.8 1 1
github.com/vibing/zgrnet/noise/state.go:33.61,38.2 4 1
github.com/vibing/zgrnet/noise/state.go:41.71,46.2 4 1
github.com/vibing/zgrnet/noise/state.go:49.39,51.2 1 1
github.com/vibing/zgrnet/noise/state.go:54.43,56.2 1 1
github.com/vibing/zgrnet/noise/state.go:59.34,61.2 1 1
github.com/vibing/zgrnet/noise/state.go:74.61,79.35 2 1
github.com/vibing/zgrnet/noise/state.go:79.35,81.3 1 1
github.com/vibing/zgrnet/noise/state.go:81.8,83.3 1 1
github.com/vibing/zgrnet/noise/state.go:86.2,88.11 2 1
github.com/vibing/zgrnet/noise/state.go:93.52,97.2 3 1
github.com/vibing/zgrnet/noise/state.go:101.48,103.2 1 1
github.com/vibing/zgrnet/noise/state.go:109.59,114.2 4 1
github.com/vibing/zgrnet/noise/state.go:119.77,123.2 3 1
github.com/vibing/zgrnet/noise/state.go:128.87,130.16 2 1
github.com/vibing/zgrnet/noise/state.go:130.16,132.3 1 1
github.com/vibing/zgrnet/noise/state.go:133.2,134.23 2 1
github.com/vibing/zgrnet/noise/state.go:140.71,144.16 3 1
github.com/vibing/zgrnet/noise/state.go:144.16,146.3 1 0
github.com/vibing/zgrnet/noise/state.go:148.2,149.16 2 1
github.com/vibing/zgrnet/noise/state.go:149.16,151.3 1 0
github.com/vibing/zgrnet/noise/state.go:153.2,153.22 1 1
github.com/vibing/zgrnet/noise/state.go:157.45,159.2 1 1
github.com/vibing/zgrnet/noise/state.go:162.49,164.2 1 1
github.com/vibing/zgrnet/noise/state.go:168.51,173.2 1 1
