mode: set
github.com/vibing/zgrnet/net/conn.go:13.18,16.3 2 1
github.com/vibing/zgrnet/net/conn.go:33.36,34.11 1 1
github.com/vibing/zgrnet/net/conn.go:35.20,36.15 1 1
github.com/vibing/zgrnet/net/conn.go:37.28,38.23 1 1
github.com/vibing/zgrnet/net/conn.go:39.28,40.23 1 1
github.com/vibing/zgrnet/net/conn.go:41.23,42.18 1 1
github.com/vibing/zgrnet/net/conn.go:43.10,44.19 1 1
github.com/vibing/zgrnet/net/conn.go:112.130,113.21 1 1
github.com/vibing/zgrnet/net/conn.go:113.21,115.3 1 1
github.com/vibing/zgrnet/net/conn.go:116.2,116.22 1 1
github.com/vibing/zgrnet/net/conn.go:116.22,118.3 1 1
github.com/vibing/zgrnet/net/conn.go:120.2,121.16 2 1
github.com/vibing/zgrnet/net/conn.go:121.16,123.3 1 0
github.com/vibing/zgrnet/net/conn.go:125.2,137.8 2 1
github.com/vibing/zgrnet/net/conn.go:143.72,145.29 2 1
github.com/vibing/zgrnet/net/conn.go:145.29,148.3 2 1
github.com/vibing/zgrnet/net/conn.go:150.2,159.16 4 1
github.com/vibing/zgrnet/net/conn.go:159.16,163.3 3 0
github.com/vibing/zgrnet/net/conn.go:164.2,172.52 6 1
github.com/vibing/zgrnet/net/conn.go:172.52,174.3 1 1
github.com/vibing/zgrnet/net/conn.go:177.2,181.16 3 1
github.com/vibing/zgrnet/net/conn.go:181.16,183.3 1 0
github.com/vibing/zgrnet/net/conn.go:186.2,189.66 2 1
github.com/vibing/zgrnet/net/conn.go:189.66,191.3 1 0
github.com/vibing/zgrnet/net/conn.go:194.2,194.104 1 1
github.com/vibing/zgrnet/net/conn.go:199.85,202.49 2 1
github.com/vibing/zgrnet/net/conn.go:202.49,205.3 2 1
github.com/vibing/zgrnet/net/conn.go:208.2,209.16 2 1
github.com/vibing/zgrnet/net/conn.go:209.16,213.3 3 0
github.com/vibing/zgrnet/net/conn.go:216.2,216.21 1 1
github.com/vibing/zgrnet/net/conn.go:216.21,218.3 1 1
github.com/vibing/zgrnet/net/conn.go:221.2,228.16 2 1
github.com/vibing/zgrnet/net/conn.go:228.16,232.3 3 0
github.com/vibing/zgrnet/net/conn.go:234.2,237.22 2 1
github.com/vibing/zgrnet/net/conn.go:237.22,239.3 1 0
github.com/vibing/zgrnet/net/conn.go:241.2,257.16 13 1
github.com/vibing/zgrnet/net/conn.go:257.16,259.3 1 1
github.com/vibing/zgrnet/net/conn.go:261.2,261.12 1 1
github.com/vibing/zgrnet/net/conn.go:266.44,269.2 2 1
github.com/vibing/zgrnet/net/conn.go:272.47,277.2 4 1
github.com/vibing/zgrnet/net/conn.go:287.58,289.37 1 1
github.com/vibing/zgrnet/net/conn.go:289.37,291.55 1 1
github.com/vibing/zgrnet/net/conn.go:291.55,294.4 1 0
github.com/vibing/zgrnet/net/conn.go:297.2,298.40 2 1
github.com/vibing/zgrnet/net/conn.go:304.38,306.2 1 1
github.com/vibing/zgrnet/net/conn.go:313.70,317.32 2 1
github.com/vibing/zgrnet/net/conn.go:317.32,320.3 2 1
github.com/vibing/zgrnet/net/conn.go:323.2,323.57 1 1
github.com/vibing/zgrnet/net/conn.go:323.57,324.18 1 1
github.com/vibing/zgrnet/net/conn.go:324.18,327.4 2 1
github.com/vibing/zgrnet/net/conn.go:330.3,330.23 1 1
github.com/vibing/zgrnet/net/conn.go:330.23,332.4 1 1
github.com/vibing/zgrnet/net/conn.go:335.3,338.20 3 1
github.com/vibing/zgrnet/net/conn.go:338.20,342.4 1 1
github.com/vibing/zgrnet/net/conn.go:343.3,343.13 1 1
github.com/vibing/zgrnet/net/conn.go:346.2,352.16 5 1
github.com/vibing/zgrnet/net/conn.go:352.16,354.3 1 0
github.com/vibing/zgrnet/net/conn.go:357.2,360.60 2 1
github.com/vibing/zgrnet/net/conn.go:360.60,362.3 1 0
github.com/vibing/zgrnet/net/conn.go:365.2,369.12 4 1
github.com/vibing/zgrnet/net/conn.go:374.38,380.30 5 1
github.com/vibing/zgrnet/net/conn.go:380.30,381.51 1 1
github.com/vibing/zgrnet/net/conn.go:381.51,383.4 1 0
github.com/vibing/zgrnet/net/conn.go:401.66,410.30 7 1
github.com/vibing/zgrnet/net/conn.go:410.30,412.3 1 1
github.com/vibing/zgrnet/net/conn.go:416.2,416.63 1 1
github.com/vibing/zgrnet/net/conn.go:416.63,418.3 1 1
github.com/vibing/zgrnet/net/conn.go:420.2,423.20 3 1
github.com/vibing/zgrnet/net/conn.go:423.20,426.10 2 0
github.com/vibing/zgrnet/net/conn.go:426.10,428.4 1 0
github.com/vibing/zgrnet/net/conn.go:430.3,430.43 1 0
github.com/vibing/zgrnet/net/conn.go:434.2,439.16 5 1
github.com/vibing/zgrnet/net/conn.go:439.16,441.3 1 0
github.com/vibing/zgrnet/net/conn.go:443.2,448.16 4 1
github.com/vibing/zgrnet/net/conn.go:448.16,450.3 1 0
github.com/vibing/zgrnet/net/conn.go:452.2,452.17 1 1
github.com/vibing/zgrnet/net/conn.go:453.34,455.17 2 1
github.com/vibing/zgrnet/net/conn.go:455.17,457.4 1 0
github.com/vibing/zgrnet/net/conn.go:459.3,462.39 4 1
github.com/vibing/zgrnet/net/conn.go:464.38,466.17 2 1
github.com/vibing/zgrnet/net/conn.go:466.17,468.4 1 0
github.com/vibing/zgrnet/net/conn.go:469.3,469.51 1 1
github.com/vibing/zgrnet/net/conn.go:471.38,475.17 2 1
github.com/vibing/zgrnet/net/conn.go:475.17,477.4 1 0
github.com/vibing/zgrnet/net/conn.go:478.3,478.47 1 1
github.com/vibing/zgrnet/net/conn.go:480.10,481.45 1 1
github.com/vibing/zgrnet/net/conn.go:486.90,495.20 8 1
github.com/vibing/zgrnet/net/conn.go:495.20,497.3 1 0
github.com/vibing/zgrnet/net/conn.go:500.2,501.47 2 1
github.com/vibing/zgrnet/net/conn.go:501.47,503.3 1 1
github.com/vibing/zgrnet/net/conn.go:503.8,503.74 1 1
github.com/vibing/zgrnet/net/conn.go:503.74,505.3 1 1
github.com/vibing/zgrnet/net/conn.go:505.8,507.3 1 1
github.com/vibing/zgrnet/net/conn.go:510.2,511.16 2 1
github.com/vibing/zgrnet/net/conn.go:511.16,513.3 1 1
github.com/vibing/zgrnet/net/conn.go:516.2,523.64 5 1
github.com/vibing/zgrnet/net/conn.go:523.64,524.53 1 1
github.com/vibing/zgrnet/net/conn.go:524.53,525.14 1 1
github.com/vibing/zgrnet/net/conn.go:525.14,526.45 1 1
github.com/vibing/zgrnet/net/conn.go:526.45,528.6 1 0
github.com/vibing/zgrnet/net/conn.go:534.2,534.25 1 1
github.com/vibing/zgrnet/net/conn.go:534.25,536.3 1 1
github.com/vibing/zgrnet/net/conn.go:539.2,539.39 1 1
github.com/vibing/zgrnet/net/conn.go:544.117,553.20 6 1
github.com/vibing/zgrnet/net/conn.go:553.20,555.3 1 1
github.com/vibing/zgrnet/net/conn.go:557.2,557.36 1 1
github.com/vibing/zgrnet/net/conn.go:557.36,559.3 1 1
github.com/vibing/zgrnet/net/conn.go:563.2,568.57 4 1
github.com/vibing/zgrnet/net/conn.go:568.57,573.3 4 0
github.com/vibing/zgrnet/net/conn.go:576.2,577.16 2 1
github.com/vibing/zgrnet/net/conn.go:577.16,582.3 4 0
github.com/vibing/zgrnet/net/conn.go:585.2,592.16 2 1
github.com/vibing/zgrnet/net/conn.go:592.16,597.3 4 0
github.com/vibing/zgrnet/net/conn.go:600.2,604.26 3 1
github.com/vibing/zgrnet/net/conn.go:604.26,607.3 2 0
github.com/vibing/zgrnet/net/conn.go:610.2,610.22 1 1
github.com/vibing/zgrnet/net/conn.go:610.22,612.3 1 1
github.com/vibing/zgrnet/net/conn.go:614.2,626.21 11 1
github.com/vibing/zgrnet/net/conn.go:626.21,628.3 1 1
github.com/vibing/zgrnet/net/conn.go:629.2,633.20 2 1
github.com/vibing/zgrnet/net/conn.go:638.113,645.21 6 1
github.com/vibing/zgrnet/net/conn.go:645.21,647.3 1 1
github.com/vibing/zgrnet/net/conn.go:648.2,656.16 3 1
github.com/vibing/zgrnet/net/conn.go:656.16,658.3 1 0
github.com/vibing/zgrnet/net/conn.go:661.2,665.52 4 1
github.com/vibing/zgrnet/net/conn.go:665.52,667.3 1 0
github.com/vibing/zgrnet/net/conn.go:670.2,671.34 2 1
github.com/vibing/zgrnet/net/conn.go:671.34,673.3 1 1
github.com/vibing/zgrnet/net/conn.go:676.2,677.16 2 1
github.com/vibing/zgrnet/net/conn.go:677.16,679.3 1 0
github.com/vibing/zgrnet/net/conn.go:682.2,683.16 2 1
github.com/vibing/zgrnet/net/conn.go:683.16,685.3 1 0
github.com/vibing/zgrnet/net/conn.go:688.2,692.16 3 1
github.com/vibing/zgrnet/net/conn.go:692.16,694.3 1 0
github.com/vibing/zgrnet/net/conn.go:697.2,704.16 2 1
github.com/vibing/zgrnet/net/conn.go:704.16,706.3 1 0
github.com/vibing/zgrnet/net/conn.go:709.2,709.63 1 1
github.com/vibing/zgrnet/net/conn.go:709.63,711.3 1 0
github.com/vibing/zgrnet/net/conn.go:714.2,717.22 3 1
github.com/vibing/zgrnet/net/conn.go:717.22,719.3 1 1
github.com/vibing/zgrnet/net/conn.go:720.2,728.21 9 1
github.com/vibing/zgrnet/net/conn.go:728.21,730.3 1 1
github.com/vibing/zgrnet/net/conn.go:731.2,734.20 2 1
github.com/vibing/zgrnet/net/conn.go:749.29,751.2 1 1
github.com/vibing/zgrnet/net/conn.go:755.47,770.15 13 1
github.com/vibing/zgrnet/net/conn.go:771.20,773.13 1 1
github.com/vibing/zgrnet/net/conn.go:775.28,777.91 1 1
github.com/vibing/zgrnet/net/conn.go:777.91,779.4 1 1
github.com/vibing/zgrnet/net/conn.go:782.3,782.97 1 1
github.com/vibing/zgrnet/net/conn.go:782.97,784.50 1 1
github.com/vibing/zgrnet/net/conn.go:784.50,786.5 1 0
github.com/vibing/zgrnet/net/conn.go:788.3,788.13 1 1
github.com/vibing/zgrnet/net/conn.go:790.28,792.46 1 1
github.com/vibing/zgrnet/net/conn.go:792.46,794.4 1 1
github.com/vibing/zgrnet/net/conn.go:797.3,797.21 1 1
github.com/vibing/zgrnet/net/conn.go:797.21,800.74 3 1
github.com/vibing/zgrnet/net/conn.go:800.74,802.5 1 0
github.com/vibing/zgrnet/net/conn.go:806.3,806.21 1 1
github.com/vibing/zgrnet/net/conn.go:806.21,808.92 1 1
github.com/vibing/zgrnet/net/conn.go:808.92,810.5 1 1
github.com/vibing/zgrnet/net/conn.go:813.4,813.80 1 1
github.com/vibing/zgrnet/net/conn.go:813.80,814.51 1 1
github.com/vibing/zgrnet/net/conn.go:814.51,816.6 1 0
github.com/vibing/zgrnet/net/conn.go:818.4,818.14 1 1
github.com/vibing/zgrnet/net/conn.go:824.3,825.68 2 1
github.com/vibing/zgrnet/net/conn.go:825.68,827.44 1 0
github.com/vibing/zgrnet/net/conn.go:827.44,829.5 1 0
github.com/vibing/zgrnet/net/conn.go:830.4,830.14 1 0
github.com/vibing/zgrnet/net/conn.go:835.3,839.37 4 1
github.com/vibing/zgrnet/net/conn.go:839.37,843.76 2 1
github.com/vibing/zgrnet/net/conn.go:843.76,845.5 1 1
github.com/vibing/zgrnet/net/conn.go:848.4,848.66 1 1
github.com/vibing/zgrnet/net/conn.go:848.66,850.5 1 0
github.com/vibing/zgrnet/net/conn.go:852.4,852.18 1 1
github.com/vibing/zgrnet/net/conn.go:852.18,853.45 1 1
github.com/vibing/zgrnet/net/conn.go:853.45,855.6 1 0
github.com/vibing/zgrnet/net/conn.go:856.5,856.15 1 1
github.com/vibing/zgrnet/net/conn.go:863.3,863.21 1 1
github.com/vibing/zgrnet/net/conn.go:863.21,866.68 3 1
github.com/vibing/zgrnet/net/conn.go:866.68,867.45 1 1
github.com/vibing/zgrnet/net/conn.go:867.45,869.6 1 0
github.com/vibing/zgrnet/net/conn.go:873.3,873.13 1 1
github.com/vibing/zgrnet/net/conn.go:875.23,876.23 1 1
github.com/vibing/zgrnet/net/conn.go:878.10,879.29 1 1
github.com/vibing/zgrnet/net/conn.go:885.38,888.22 2 1
github.com/vibing/zgrnet/net/conn.go:888.22,891.3 2 1
github.com/vibing/zgrnet/net/conn.go:892.2,900.16 7 1
github.com/vibing/zgrnet/net/conn.go:900.16,902.3 1 0
github.com/vibing/zgrnet/net/conn.go:904.2,910.16 2 1
github.com/vibing/zgrnet/net/conn.go:910.16,912.3 1 0
github.com/vibing/zgrnet/net/conn.go:914.2,915.16 2 1
github.com/vibing/zgrnet/net/conn.go:915.16,917.3 1 0
github.com/vibing/zgrnet/net/conn.go:919.2,922.62 2 1
github.com/vibing/zgrnet/net/conn.go:922.62,924.3 1 0
github.com/vibing/zgrnet/net/conn.go:927.2,930.22 3 1
github.com/vibing/zgrnet/net/conn.go:930.22,933.3 2 0
github.com/vibing/zgrnet/net/conn.go:934.2,943.12 9 1
github.com/vibing/zgrnet/net/conn.go:948.44,951.22 2 1
github.com/vibing/zgrnet/net/conn.go:951.22,954.3 2 1
github.com/vibing/zgrnet/net/conn.go:955.2,969.16 8 1
github.com/vibing/zgrnet/net/conn.go:969.16,971.3 1 0
github.com/vibing/zgrnet/net/conn.go:973.2,974.16 2 1
github.com/vibing/zgrnet/net/conn.go:974.16,976.3 1 0
github.com/vibing/zgrnet/net/conn.go:978.2,981.62 2 1
github.com/vibing/zgrnet/net/conn.go:981.62,983.3 1 0
github.com/vibing/zgrnet/net/conn.go:986.2,991.12 5 1
github.com/vibing/zgrnet/net/conn.go:995.30,999.32 3 1
github.com/vibing/zgrnet/net/conn.go:999.32,1001.3 1 1
github.com/vibing/zgrnet/net/conn.go:1003.2,1006.22 2 1
github.com/vibing/zgrnet/net/conn.go:1006.22,1008.3 1 1
github.com/vibing/zgrnet/net/conn.go:1009.2,1009.23 1 1
github.com/vibing/zgrnet/net/conn.go:1009.23,1011.3 1 1
github.com/vibing/zgrnet/net/conn.go:1014.2,1016.12 2 1
github.com/vibing/zgrnet/net/conn.go:1020.34,1024.2 3 1
github.com/vibing/zgrnet/net/conn.go:1027.50,1031.2 3 1
github.com/vibing/zgrnet/net/conn.go:1034.40,1038.2 3 1
github.com/vibing/zgrnet/net/conn.go:1041.36,1045.2 3 1
github.com/vibing/zgrnet/net/conn.go:1048.41,1052.2 3 1
github.com/vibing/zgrnet/net/conn.go:1056.45,1060.14 4 1
github.com/vibing/zgrnet/net/conn.go:1060.14,1063.3 2 1
github.com/vibing/zgrnet/net/conn.go:1067.47,1071.2 3 1
github.com/vibing/zgrnet/net/conn.go:1074.37,1078.2 3 1
github.com/vibing/zgrnet/net/conn.go:1081.41,1085.2 3 1
github.com/vibing/zgrnet/net/conn.go:1089.50,1093.2 3 1
github.com/vibing/zgrnet/net/conn.go:1097.81,1103.48 5 1
github.com/vibing/zgrnet/net/conn.go:1103.48,1105.3 1 1
github.com/vibing/zgrnet/net/conn.go:1107.2,1107.9 1 1
github.com/vibing/zgrnet/net/conn.go:1108.54,1109.14 1 1
github.com/vibing/zgrnet/net/conn.go:1110.10,1111.15 1 1
github.com/vibing/zgrnet/net/dial.go:27.142,28.21 1 1
github.com/vibing/zgrnet/net/dial.go:28.21,30.3 1 1
github.com/vibing/zgrnet/net/dial.go:31.2,31.22 1 1
github.com/vibing/zgrnet/net/dial.go:31.22,33.3 1 1
github.com/vibing/zgrnet/net/dial.go:34.2,34.23 1 1
github.com/vibing/zgrnet/net/dial.go:34.23,36.3 1 1
github.com/vibing/zgrnet/net/dial.go:37.2,37.17 1 1
github.com/vibing/zgrnet/net/dial.go:37.17,39.3 1 1
github.com/vibing/zgrnet/net/dial.go:42.2,43.16 2 1
github.com/vibing/zgrnet/net/dial.go:43.16,45.3 1 0
github.com/vibing/zgrnet/net/dial.go:48.2,48.45 1 1
github.com/vibing/zgrnet/net/dial.go:48.45,50.3 1 0
github.com/vibing/zgrnet/net/dial.go:52.2,52.15 1 1
github.com/vibing/zgrnet/net/dial.go:57.57,59.29 2 1
github.com/vibing/zgrnet/net/dial.go:59.29,62.3 2 0
github.com/vibing/zgrnet/net/dial.go:63.2,75.6 10 1
github.com/vibing/zgrnet/net/dial.go:75.6,76.10 1 1
github.com/vibing/zgrnet/net/dial.go:77.21,78.37 1 0
github.com/vibing/zgrnet/net/dial.go:79.11,79.11 0 1
github.com/vibing/zgrnet/net/dial.go:83.3,89.17 2 1
github.com/vibing/zgrnet/net/dial.go:89.17,91.4 1 0
github.com/vibing/zgrnet/net/dial.go:94.3,95.17 2 1
github.com/vibing/zgrnet/net/dial.go:95.17,97.4 1 0
github.com/vibing/zgrnet/net/dial.go:100.3,101.63 2 1
github.com/vibing/zgrnet/net/dial.go:101.63,103.4 1 0
github.com/vibing/zgrnet/net/dial.go:105.3,113.68 7 1
github.com/vibing/zgrnet/net/dial.go:113.68,115.12 1 0
github.com/vibing/zgrnet/net/dial.go:117.3,117.17 1 1
github.com/vibing/zgrnet/net/dial.go:117.17,119.4 1 0
github.com/vibing/zgrnet/net/dial.go:122.3,122.52 1 1
github.com/vibing/zgrnet/net/dial.go:129.125,133.75 2 1
github.com/vibing/zgrnet/net/dial.go:133.75,135.3 1 0
github.com/vibing/zgrnet/net/dial.go:138.2,138.62 1 1
github.com/vibing/zgrnet/net/dial.go:138.62,140.10 1 0
github.com/vibing/zgrnet/net/dial.go:141.21,142.25 1 0
github.com/vibing/zgrnet/net/dial.go:143.11,143.11 0 0
github.com/vibing/zgrnet/net/dial.go:148.2,154.16 4 1
github.com/vibing/zgrnet/net/dial.go:154.16,156.26 1 0
github.com/vibing/zgrnet/net/dial.go:156.26,158.4 1 0
github.com/vibing/zgrnet/net/dial.go:159.3,159.18 1 0
github.com/vibing/zgrnet/net/dial.go:163.2,164.16 2 1
github.com/vibing/zgrnet/net/dial.go:164.16,166.3 1 0
github.com/vibing/zgrnet/net/dial.go:169.2,173.36 4 1
github.com/vibing/zgrnet/net/dial.go:173.36,175.3 1 0
github.com/vibing/zgrnet/net/dial.go:178.2,182.52 4 1
github.com/vibing/zgrnet/net/dial.go:182.52,184.3 1 0
github.com/vibing/zgrnet/net/dial.go:186.2,186.18 1 1
github.com/vibing/zgrnet/net/dial.go:190.37,191.16 1 1
github.com/vibing/zgrnet/net/dial.go:191.16,193.3 1 1
github.com/vibing/zgrnet/net/dial.go:195.2,198.38 2 1
github.com/vibing/zgrnet/net/dial.go:198.38,200.3 1 1
github.com/vibing/zgrnet/net/dial.go:201.2,201.14 1 1
github.com/vibing/zgrnet/net/listener.go:43.57,44.25 1 1
github.com/vibing/zgrnet/net/listener.go:44.25,46.3 1 1
github.com/vibing/zgrnet/net/listener.go:47.2,47.26 1 1
github.com/vibing/zgrnet/net/listener.go:47.26,49.3 1 1
github.com/vibing/zgrnet/net/listener.go:51.2,52.20 2 1
github.com/vibing/zgrnet/net/listener.go:52.20,54.3 1 1
github.com/vibing/zgrnet/net/listener.go:56.2,68.15 3 1
github.com/vibing/zgrnet/net/listener.go:73.44,74.9 1 1
github.com/vibing/zgrnet/net/listener.go:75.25,76.19 1 1
github.com/vibing/zgrnet/net/listener.go:77.16,78.32 1 1
github.com/vibing/zgrnet/net/listener.go:83.34,85.14 2 1
github.com/vibing/zgrnet/net/listener.go:85.14,88.3 2 1
github.com/vibing/zgrnet/net/listener.go:90.2,94.33 3 1
github.com/vibing/zgrnet/net/listener.go:94.33,95.26 1 1
github.com/vibing/zgrnet/net/listener.go:95.26,97.4 1 1
github.com/vibing/zgrnet/net/listener.go:98.3,99.23 2 1
github.com/vibing/zgrnet/net/listener.go:101.2,103.28 2 1
github.com/vibing/zgrnet/net/listener.go:108.48,112.2 3 1
github.com/vibing/zgrnet/net/listener.go:115.43,117.2 1 1
github.com/vibing/zgrnet/net/listener.go:120.53,122.2 1 1
github.com/vibing/zgrnet/net/listener.go:125.53,127.2 1 1
github.com/vibing/zgrnet/net/listener.go:130.34,133.6 2 1
github.com/vibing/zgrnet/net/listener.go:133.6,134.10 1 1
github.com/vibing/zgrnet/net/listener.go:135.17,136.10 1 1
github.com/vibing/zgrnet/net/listener.go:137.11,137.11 0 1
github.com/vibing/zgrnet/net/listener.go:140.3,141.17 2 1
github.com/vibing/zgrnet/net/listener.go:141.17,146.14 4 1
github.com/vibing/zgrnet/net/listener.go:146.14,148.5 1 1
github.com/vibing/zgrnet/net/listener.go:149.4,149.12 1 0
github.com/vibing/zgrnet/net/listener.go:152.3,152.12 1 1
github.com/vibing/zgrnet/net/listener.go:152.12,153.12 1 1
github.com/vibing/zgrnet/net/listener.go:156.3,158.18 2 1
github.com/vibing/zgrnet/net/listener.go:159.39,160.40 1 1
github.com/vibing/zgrnet/net/listener.go:162.35,163.36 1 0
github.com/vibing/zgrnet/net/listener.go:166.11,166.11 0 1
github.com/vibing/zgrnet/net/listener.go:173.70,175.16 2 1
github.com/vibing/zgrnet/net/listener.go:175.16,177.3 1 1
github.com/vibing/zgrnet/net/listener.go:180.2,181.16 2 1
github.com/vibing/zgrnet/net/listener.go:181.16,183.3 1 0
github.com/vibing/zgrnet/net/listener.go:186.2,191.16 4 1
github.com/vibing/zgrnet/net/listener.go:191.16,194.3 2 0
github.com/vibing/zgrnet/net/listener.go:197.2,197.55 1 1
github.com/vibing/zgrnet/net/listener.go:197.55,200.3 2 0
github.com/vibing/zgrnet/net/listener.go:203.2,207.27 4 1
github.com/vibing/zgrnet/net/listener.go:207.27,209.3 1 1
github.com/vibing/zgrnet/net/listener.go:212.2,212.9 1 1
github.com/vibing/zgrnet/net/listener.go:213.23,213.23 0 1
github.com/vibing/zgrnet/net/listener.go:214.10,219.28 4 0
github.com/vibing/zgrnet/net/listener.go:219.28,221.4 1 0
github.com/vibing/zgrnet/net/listener.go:222.3,223.15 2 0
github.com/vibing/zgrnet/net/listener.go:228.66,230.16 2 0
github.com/vibing/zgrnet/net/listener.go:230.16,232.3 1 0
github.com/vibing/zgrnet/net/listener.go:235.2,239.17 4 0
github.com/vibing/zgrnet/net/listener.go:239.17,241.3 1 0
github.com/vibing/zgrnet/net/listener.go:245.2,252.40 4 0
github.com/vibing/zgrnet/net/listener.go:252.41,256.3 0 0
github.com/vibing/zgrnet/net/listener.go:261.63,263.2 1 1
github.com/vibing/zgrnet/net/manager.go:27.42,33.2 1 1
github.com/vibing/zgrnet/net/manager.go:37.118,43.21 4 1
github.com/vibing/zgrnet/net/manager.go:43.21,45.3 1 0
github.com/vibing/zgrnet/net/manager.go:48.2,54.16 2 1
github.com/vibing/zgrnet/net/manager.go:54.16,56.3 1 0
github.com/vibing/zgrnet/net/manager.go:59.2,59.46 1 1
github.com/vibing/zgrnet/net/manager.go:59.46,61.3 1 1
github.com/vibing/zgrnet/net/manager.go:64.2,67.21 3 1
github.com/vibing/zgrnet/net/manager.go:72.72,80.48 5 1
github.com/vibing/zgrnet/net/manager.go:80.48,82.3 1 1
github.com/vibing/zgrnet/net/manager.go:85.2,85.46 1 1
github.com/vibing/zgrnet/net/manager.go:85.46,87.3 1 0
github.com/vibing/zgrnet/net/manager.go:90.2,93.12 3 1
github.com/vibing/zgrnet/net/manager.go:98.66,102.2 3 1
github.com/vibing/zgrnet/net/manager.go:106.73,110.2 3 1
github.com/vibing/zgrnet/net/manager.go:113.54,118.9 4 1
github.com/vibing/zgrnet/net/manager.go:118.9,120.3 1 0
github.com/vibing/zgrnet/net/manager.go:122.2,123.47 2 1
github.com/vibing/zgrnet/net/manager.go:127.61,132.9 4 1
github.com/vibing/zgrnet/net/manager.go:132.9,134.3 1 0
github.com/vibing/zgrnet/net/manager.go:136.2,137.24 2 1
github.com/vibing/zgrnet/net/manager.go:142.47,148.36 4 1
github.com/vibing/zgrnet/net/manager.go:148.36,149.26 1 1
github.com/vibing/zgrnet/net/manager.go:149.26,151.4 1 1
github.com/vibing/zgrnet/net/manager.go:154.2,154.34 1 1
github.com/vibing/zgrnet/net/manager.go:154.34,157.3 2 1
github.com/vibing/zgrnet/net/manager.go:159.2,159.21 1 1
github.com/vibing/zgrnet/net/manager.go:163.38,167.2 3 1
github.com/vibing/zgrnet/net/manager.go:171.54,176.36 4 1
github.com/vibing/zgrnet/net/manager.go:176.36,178.3 1 1
github.com/vibing/zgrnet/net/manager.go:179.2,179.17 1 1
github.com/vibing/zgrnet/net/manager.go:184.59,188.36 3 1
github.com/vibing/zgrnet/net/manager.go:188.36,190.3 1 1
github.com/vibing/zgrnet/net/manager.go:194.34,200.2 4 1
github.com/vibing/zgrnet/net/manager.go:205.49,207.6 2 1
github.com/vibing/zgrnet/net/manager.go:207.6,210.23 3 1
github.com/vibing/zgrnet/net/manager.go:210.23,212.4 1 1
github.com/vibing/zgrnet/net/manager.go:215.3,215.45 1 1
github.com/vibing/zgrnet/net/manager.go:215.45,217.4 1 1
github.com/vibing/zgrnet/net/manager.go:220.3,220.32 1 0
github.com/vibing/zgrnet/net/manager.go:220.32,222.4 1 0
github.com/vibing/zgrnet/net/manager.go:228.75,232.12 3 1
github.com/vibing/zgrnet/net/manager.go:232.12,237.7 4 1
github.com/vibing/zgrnet/net/manager.go:237.7,238.11 1 1
github.com/vibing/zgrnet/net/manager.go:239.20,240.23 1 1
github.com/vibing/zgrnet/net/manager.go:241.16,242.11 1 1
github.com/vibing/zgrnet/net/manager.go:247.2,247.16 1 1
github.com/vibing/zgrnet/net/manager.go:247.16,250.3 2 1
github.com/vibing/zgrnet/net/transport_mock.go:17.41,19.2 1 1
github.com/vibing/zgrnet/net/transport_mock.go:22.37,24.2 1 1
github.com/vibing/zgrnet/net/transport_mock.go:27.36,29.2 1 1
github.com/vibing/zgrnet/net/transport_mock.go:48.51,54.2 1 1
github.com/vibing/zgrnet/net/transport_mock.go:57.54,65.2 6 1
github.com/vibing/zgrnet/net/transport_mock.go:69.68,71.14 2 1
github.com/vibing/zgrnet/net/transport_mock.go:71.14,74.3 2 1
github.com/vibing/zgrnet/net/transport_mock.go:75.2,78.17 3 1
github.com/vibing/zgrnet/net/transport_mock.go:78.17,80.3 1 1
github.com/vibing/zgrnet/net/transport_mock.go:83.2,88.9 3 1
github.com/vibing/zgrnet/net/transport_mock.go:89.19,90.32 1 0
github.com/vibing/zgrnet/net/transport_mock.go:91.67,92.13 1 1
github.com/vibing/zgrnet/net/transport_mock.go:93.10,94.26 1 0
github.com/vibing/zgrnet/net/transport_mock.go:99.71,100.9 1 1
github.com/vibing/zgrnet/net/transport_mock.go:101.16,102.40 1 1
github.com/vibing/zgrnet/net/transport_mock.go:103.28,104.10 1 1
github.com/vibing/zgrnet/net/transport_mock.go:104.10,106.4 1 1
github.com/vibing/zgrnet/net/transport_mock.go:107.3,108.26 2 1
github.com/vibing/zgrnet/net/transport_mock.go:113.39,117.14 3 1
github.com/vibing/zgrnet/net/transport_mock.go:117.14,119.3 1 1
github.com/vibing/zgrnet/net/transport_mock.go:121.2,124.12 4 1
github.com/vibing/zgrnet/net/transport_mock.go:128.48,130.2 1 1
github.com/vibing/zgrnet/net/transport_mock.go:133.60,135.2 1 1
github.com/vibing/zgrnet/net/transport_mock.go:138.61,140.2 1 1
github.com/vibing/zgrnet/net/transport_mock.go:144.74,148.9 3 1
github.com/vibing/zgrnet/net/transport_mock.go:149.16,150.32 1 0
github.com/vibing/zgrnet/net/transport_mock.go:151.57,152.13 1 1
github.com/vibing/zgrnet/net/transport_mock.go:153.10,154.26 1 0
github.com/vibing/zgrnet/net/transport_udp.go:16.36,18.2 1 1
github.com/vibing/zgrnet/net/transport_udp.go:21.35,23.2 1 1
github.com/vibing/zgrnet/net/transport_udp.go:26.53,28.2 1 1
github.com/vibing/zgrnet/net/transport_udp.go:37.58,39.16 2 1
github.com/vibing/zgrnet/net/transport_udp.go:39.16,41.3 1 0
github.com/vibing/zgrnet/net/transport_udp.go:43.2,44.16 2 1
github.com/vibing/zgrnet/net/transport_udp.go:44.16,46.3 1 0
github.com/vibing/zgrnet/net/transport_udp.go:48.2,48.39 1 1
github.com/vibing/zgrnet/net/transport_udp.go:52.67,55.26 2 1
github.com/vibing/zgrnet/net/transport_udp.go:56.16,57.19 1 1
github.com/vibing/zgrnet/net/transport_udp.go:58.10,62.17 3 0
github.com/vibing/zgrnet/net/transport_udp.go:62.17,64.4 1 0
github.com/vibing/zgrnet/net/transport_udp.go:67.2,68.12 2 1
github.com/vibing/zgrnet/net/transport_udp.go:72.70,74.16 2 1
github.com/vibing/zgrnet/net/transport_udp.go:74.16,76.3 1 1
github.com/vibing/zgrnet/net/transport_udp.go:77.2,77.37 1 1
github.com/vibing/zgrnet/net/transport_udp.go:81.38,83.2 1 1
github.com/vibing/zgrnet/net/transport_udp.go:86.47,88.2 1 1
github.com/vibing/zgrnet/net/transport_udp.go:91.60,93.2 1 1
github.com/vibing/zgrnet/net/transport_udp.go:96.61,98.2 1 1
github.com/vibing/zgrnet/net/udp.go:29.36,30.11 1 1
github.com/vibing/zgrnet/net/udp.go:31.20,32.15 1 1
github.com/vibing/zgrnet/net/udp.go:33.27,34.22 1 1
github.com/vibing/zgrnet/net/udp.go:35.28,36.23 1 1
github.com/vibing/zgrnet/net/udp.go:37.23,38.18 1 1
github.com/vibing/zgrnet/net/udp.go:39.10,40.19 1 1
github.com/vibing/zgrnet/net/udp.go:137.39,138.26 1 1
github.com/vibing/zgrnet/net/udp.go:138.26,140.3 1 1
github.com/vibing/zgrnet/net/udp.go:144.42,145.26 1 1
github.com/vibing/zgrnet/net/udp.go:145.26,147.3 1 1
github.com/vibing/zgrnet/net/udp.go:151.63,152.16 1 1
github.com/vibing/zgrnet/net/udp.go:152.16,154.3 1 0
github.com/vibing/zgrnet/net/udp.go:157.2,160.27 2 1
github.com/vibing/zgrnet/net/udp.go:160.27,162.3 1 1
github.com/vibing/zgrnet/net/udp.go:165.2,166.16 2 1
github.com/vibing/zgrnet/net/udp.go:166.16,168.3 1 0
github.com/vibing/zgrnet/net/udp.go:170.2,171.16 2 1
github.com/vibing/zgrnet/net/udp.go:171.16,173.3 1 0
github.com/vibing/zgrnet/net/udp.go:175.2,185.15 3 1
github.com/vibing/zgrnet/net/udp.go:190.70,191.21 1 1
github.com/vibing/zgrnet/net/udp.go:191.21,193.3 1 0
github.com/vibing/zgrnet/net/udp.go:195.2,196.9 2 1
github.com/vibing/zgrnet/net/udp.go:196.9,198.76 1 0
github.com/vibing/zgrnet/net/udp.go:198.76,200.4 1 0
github.com/vibing/zgrnet/net/udp.go:200.9,202.4 1 0
github.com/vibing/zgrnet/net/udp.go:205.2,209.13 4 1
github.com/vibing/zgrnet/net/udp.go:209.13,215.3 2 1
github.com/vibing/zgrnet/net/udp.go:217.2,219.18 3 1
github.com/vibing/zgrnet/net/udp.go:223.46,228.13 4 1
github.com/vibing/zgrnet/net/udp.go:228.13,230.3 1 0
github.com/vibing/zgrnet/net/udp.go:233.2,234.25 2 1
github.com/vibing/zgrnet/net/udp.go:234.25,236.3 1 0
github.com/vibing/zgrnet/net/udp.go:237.2,239.21 2 1
github.com/vibing/zgrnet/net/udp.go:243.36,258.2 5 1
github.com/vibing/zgrnet/net/udp.go:261.54,266.13 4 1
github.com/vibing/zgrnet/net/udp.go:266.13,268.3 1 1
github.com/vibing/zgrnet/net/udp.go:270.2,274.26 4 1
github.com/vibing/zgrnet/net/udp.go:274.26,276.3 1 1
github.com/vibing/zgrnet/net/udp.go:278.2,285.3 1 1
github.com/vibing/zgrnet/net/udp.go:289.39,290.38 1 1
github.com/vibing/zgrnet/net/udp.go:290.38,294.27 3 1
github.com/vibing/zgrnet/net/udp.go:294.27,296.4 1 1
github.com/vibing/zgrnet/net/udp.go:297.3,299.27 2 1
github.com/vibing/zgrnet/net/udp.go:299.27,304.15 4 1
github.com/vibing/zgrnet/net/udp.go:304.15,305.13 1 0
github.com/vibing/zgrnet/net/udp.go:308.4,310.26 3 1
github.com/vibing/zgrnet/net/udp.go:310.26,312.5 1 1
github.com/vibing/zgrnet/net/udp.go:313.4,328.20 4 1
github.com/vibing/zgrnet/net/udp.go:328.20,330.5 1 0
github.com/vibing/zgrnet/net/udp.go:337.49,341.2 1 1
github.com/vibing/zgrnet/net/udp.go:344.62,345.21 1 1
github.com/vibing/zgrnet/net/udp.go:345.21,347.3 1 1
github.com/vibing/zgrnet/net/udp.go:349.2,353.13 4 1
github.com/vibing/zgrnet/net/udp.go:353.13,355.3 1 0
github.com/vibing/zgrnet/net/udp.go:357.2,362.21 5 1
github.com/vibing/zgrnet/net/udp.go:362.21,364.3 1 0
github.com/vibing/zgrnet/net/udp.go:366.2,366.20 1 1
github.com/vibing/zgrnet/net/udp.go:366.20,368.3 1 0
github.com/vibing/zgrnet/net/udp.go:371.2,372.16 2 1
github.com/vibing/zgrnet/net/udp.go:372.16,374.3 1 0
github.com/vibing/zgrnet/net/udp.go:377.2,381.16 3 1
github.com/vibing/zgrnet/net/udp.go:381.16,383.3 1 0
github.com/vibing/zgrnet/net/udp.go:386.2,391.12 5 1
github.com/vibing/zgrnet/net/udp.go:397.75,398.21 1 1
github.com/vibing/zgrnet/net/udp.go:398.21,400.3 1 0
github.com/vibing/zgrnet/net/udp.go:402.2,404.6 2 1
github.com/vibing/zgrnet/net/udp.go:404.6,405.22 1 1
github.com/vibing/zgrnet/net/udp.go:405.22,407.4 1 0
github.com/vibing/zgrnet/net/udp.go:410.3,411.17 2 1
github.com/vibing/zgrnet/net/udp.go:411.17,412.23 1 1
github.com/vibing/zgrnet/net/udp.go:412.23,414.5 1 1
github.com/vibing/zgrnet/net/udp.go:415.4,415.21 1 0
github.com/vibing/zgrnet/net/udp.go:418.3,418.13 1 1
github.com/vibing/zgrnet/net/udp.go:418.13,419.12 1 0
github.com/vibing/zgrnet/net/udp.go:423.3,429.18 4 1
github.com/vibing/zgrnet/net/udp.go:430.39,432.12 2 1
github.com/vibing/zgrnet/net/udp.go:434.39,436.12 2 1
github.com/vibing/zgrnet/net/udp.go:438.35,440.18 2 1
github.com/vibing/zgrnet/net/udp.go:440.18,441.13 1 0
github.com/vibing/zgrnet/net/udp.go:443.4,443.21 1 1
github.com/vibing/zgrnet/net/udp.go:445.11,447.12 1 0
github.com/vibing/zgrnet/net/udp.go:453.67,455.16 2 1
github.com/vibing/zgrnet/net/udp.go:455.16,457.3 1 0
github.com/vibing/zgrnet/net/udp.go:460.2,465.16 2 1
github.com/vibing/zgrnet/net/udp.go:465.16,467.3 1 0
github.com/vibing/zgrnet/net/udp.go:471.2,477.16 5 1
github.com/vibing/zgrnet/net/udp.go:477.16,479.3 1 0
github.com/vibing/zgrnet/net/udp.go:482.2,487.13 4 1
github.com/vibing/zgrnet/net/udp.go:487.13,488.22 1 0
github.com/vibing/zgrnet/net/udp.go:488.22,491.4 2 0
github.com/vibing/zgrnet/net/udp.go:493.3,497.27 2 0
github.com/vibing/zgrnet/net/udp.go:499.2,503.16 3 1
github.com/vibing/zgrnet/net/udp.go:503.16,505.3 1 0
github.com/vibing/zgrnet/net/udp.go:508.2,509.16 2 1
github.com/vibing/zgrnet/net/udp.go:509.16,511.3 1 0
github.com/vibing/zgrnet/net/udp.go:515.2,520.16 4 1
github.com/vibing/zgrnet/net/udp.go:520.16,522.3 1 0
github.com/vibing/zgrnet/net/udp.go:525.2,526.16 2 1
github.com/vibing/zgrnet/net/udp.go:526.16,528.3 1 0
github.com/vibing/zgrnet/net/udp.go:530.2,537.16 2 1
github.com/vibing/zgrnet/net/udp.go:537.16,539.3 1 0
github.com/vibing/zgrnet/net/udp.go:542.2,552.15 9 1
github.com/vibing/zgrnet/net/udp.go:556.67,558.16 2 1
github.com/vibing/zgrnet/net/udp.go:558.16,560.3 1 0
github.com/vibing/zgrnet/net/udp.go:563.2,565.13 3 1
github.com/vibing/zgrnet/net/udp.go:565.13,568.3 2 0
github.com/vibing/zgrnet/net/udp.go:569.2,580.16 7 1
github.com/vibing/zgrnet/net/udp.go:580.16,584.26 4 0
github.com/vibing/zgrnet/net/udp.go:584.26,586.4 1 0
github.com/vibing/zgrnet/net/udp.go:587.3,587.9 1 0
github.com/vibing/zgrnet/net/udp.go:591.2,592.16 2 1
github.com/vibing/zgrnet/net/udp.go:592.16,596.26 4 0
github.com/vibing/zgrnet/net/udp.go:596.26,598.4 1 0
github.com/vibing/zgrnet/net/udp.go:599.3,599.9 1 0
github.com/vibing/zgrnet/net/udp.go:602.2,609.16 2 1
github.com/vibing/zgrnet/net/udp.go:609.16,613.26 4 0
github.com/vibing/zgrnet/net/udp.go:613.26,615.4 1 0
github.com/vibing/zgrnet/net/udp.go:616.3,616.9 1 0
github.com/vibing/zgrnet/net/udp.go:620.2,634.25 11 1
github.com/vibing/zgrnet/net/udp.go:634.25,636.3 1 1
github.com/vibing/zgrnet/net/udp.go:640.117,642.16 2 1
github.com/vibing/zgrnet/net/udp.go:642.16,644.3 1 0
github.com/vibing/zgrnet/net/udp.go:647.2,651.13 4 1
github.com/vibing/zgrnet/net/udp.go:651.13,653.3 1 0
github.com/vibing/zgrnet/net/udp.go:655.2,659.20 4 1
github.com/vibing/zgrnet/net/udp.go:659.20,661.3 1 0
github.com/vibing/zgrnet/net/udp.go:664.2,665.16 2 1
github.com/vibing/zgrnet/net/udp.go:665.16,667.3 1 0
github.com/vibing/zgrnet/net/udp.go:670.2,674.69 3 1
github.com/vibing/zgrnet/net/udp.go:674.69,676.3 1 1
github.com/vibing/zgrnet/net/udp.go:677.2,681.24 4 1
github.com/vibing/zgrnet/net/udp.go:687.49,688.21 1 1
github.com/vibing/zgrnet/net/udp.go:688.21,690.3 1 1
github.com/vibing/zgrnet/net/udp.go:692.2,696.13 4 1
github.com/vibing/zgrnet/net/udp.go:696.13,698.3 1 1
github.com/vibing/zgrnet/net/udp.go:700.2,700.34 1 0
github.com/vibing/zgrnet/net/udp.go:705.56,712.21 6 1
github.com/vibing/zgrnet/net/udp.go:712.21,714.3 1 0
github.com/vibing/zgrnet/net/udp.go:717.2,718.16 2 1
github.com/vibing/zgrnet/net/udp.go:718.16,720.3 1 0
github.com/vibing/zgrnet/net/udp.go:723.2,729.16 2 1
github.com/vibing/zgrnet/net/udp.go:729.16,731.3 1 0
github.com/vibing/zgrnet/net/udp.go:734.2,735.16 2 1
github.com/vibing/zgrnet/net/udp.go:735.16,737.3 1 0
github.com/vibing/zgrnet/net/udp.go:740.2,757.16 8 1
github.com/vibing/zgrnet/net/udp.go:757.16,762.3 4 0
github.com/vibing/zgrnet/net/udp.go:765.2,765.9 1 1
github.com/vibing/zgrnet/net/udp.go:766.21,767.13 1 1
github.com/vibing/zgrnet/net/udp.go:768.37,775.46 7 0
github.com/vibing/zgrnet/net/udp.go:780.29,781.25 1 1
github.com/vibing/zgrnet/net/udp.go:781.25,783.3 1 1
github.com/vibing/zgrnet/net/udp.go:784.2,784.25 1 1
